This file contains any messages produced by compilers while
running configure, to aid debugging if configure makes a mistake.

It was created by arprec configure 2.2.1, which was
generated by GNU Autoconf 2.61.  Invocation command line was

  $ ./configure --no-create --no-recursion

## --------- ##
## Platform. ##
## --------- ##

hostname = MacBook-Pro.local
uname -m = x86_64
uname -r = 20.3.0
uname -s = Darwin
uname -v = Darwin Kernel Version 20.3.0: Thu Jan 21 00:07:06 PST 2021; root:xnu-7195.81.3~1/RELEASE_X86_64

/usr/bin/uname -p = i386
/bin/uname -X     = unknown

/bin/arch              = unknown
/usr/bin/arch -k       = unknown
/usr/convex/getsysinfo = unknown
/usr/bin/hostinfo      = Mach kernel version:
	 Darwin Kernel Version 20.3.0: Thu Jan 21 00:07:06 PST 2021; root:xnu-7195.81.3~1/RELEASE_X86_64
Kernel configured for up to 8 processors.
4 processors are physically available.
8 processors are logically available.
Processor type: x86_64h (Intel x86-64h Haswell)
Processors active: 0 1 2 3 4 5 6 7
Primary memory available: 16.00 gigabytes
Default processor set: 493 tasks, 1963 threads, 8 processors
Load average: 4.54, Mach factor: 3.81
/bin/machine           = unknown
/usr/bin/oslevel       = unknown
/bin/universe          = unknown

PATH: /usr/bin
PATH: /usr/texbin
PATH: /usr/local/lib
PATH: /usr/local/bin
PATH: /usr/bin
PATH: /usr/texbin
PATH: /usr/local/lib
PATH: /usr/local/bin
PATH: /usr/local/bin
PATH: /usr/bin
PATH: /bin
PATH: /usr/sbin
PATH: /sbin
PATH: /Library/TeX/texbin
PATH: /Library/Apple/usr/bin


## ----------- ##
## Core tests. ##
## ----------- ##

configure:1851: checking for a BSD-compatible install
configure:1907: result: /usr/bin/install -c
configure:1918: checking whether build environment is sane
configure:1961: result: yes
configure:1989: checking for a thread-safe mkdir -p
configure:2028: result: config/install-sh -c -d
configure:2041: checking for gawk
configure:2071: result: no
configure:2041: checking for mawk
configure:2071: result: no
configure:2041: checking for nawk
configure:2071: result: no
configure:2041: checking for awk
configure:2057: found /usr/bin/awk
configure:2068: result: awk
configure:2079: checking whether make sets $(MAKE)
configure:2100: result: yes
configure:2297: checking build system type
configure:2315: result: i386-apple-darwin20.3.0
configure:2337: checking host system type
configure:2352: result: i386-apple-darwin20.3.0
configure:2382: checking if commonly used function is to be inlined
configure:2392: result: yes
configure:2401: checking if debugging code is to be enabled
configure:2412: result: no
configure:2515: checking for xlC_r
configure:2545: result: no
configure:2515: checking for xlC
configure:2545: result: no
configure:2515: checking for icpc
configure:2545: result: no
configure:2515: checking for pathCC
configure:2545: result: no
configure:2515: checking for c++
configure:2531: found /usr/bin/c++
configure:2542: result: c++
configure:2573: checking for C++ compiler version
configure:2580: c++ --version >&5
Apple clang version 12.0.0 (clang-1200.0.32.21)
Target: x86_64-apple-darwin20.3.0
Thread model: posix
InstalledDir: /Applications/Xcode.app/Contents/Developer/Toolchains/XcodeDefault.xctoolchain/usr/bin
configure:2583: $? = 0
configure:2590: c++ -v >&5
Apple clang version 12.0.0 (clang-1200.0.32.21)
Target: x86_64-apple-darwin20.3.0
Thread model: posix
InstalledDir: /Applications/Xcode.app/Contents/Developer/Toolchains/XcodeDefault.xctoolchain/usr/bin
configure:2593: $? = 0
configure:2600: c++ -V >&5
clang: error: argument to '-V' is missing (expected 1 value)
clang: error: no input files
configure:2603: $? = 1
configure:2626: checking for C++ compiler default output file name
configure:2653: c++ -O2   conftest.cpp  >&5
configure:2656: $? = 0
configure:2694: result: a.out
configure:2711: checking whether the C++ compiler works
configure:2721: ./a.out
configure:2724: $? = 0
configure:2741: result: yes
configure:2748: checking whether we are cross compiling
configure:2750: result: no
configure:2753: checking for suffix of executables
configure:2760: c++ -o conftest -O2   conftest.cpp  >&5
configure:2763: $? = 0
configure:2787: result: 
configure:2793: checking for suffix of object files
configure:2819: c++ -c -O2  conftest.cpp >&5
configure:2822: $? = 0
configure:2845: result: o
configure:2849: checking whether we are using the GNU C++ compiler
configure:2878: c++ -c -O2  conftest.cpp >&5
configure:2884: $? = 0
configure:2901: result: yes
configure:2906: checking whether c++ accepts -g
configure:2936: c++ -c -g  conftest.cpp >&5
configure:2942: $? = 0
configure:3041: result: yes
configure:3075: checking for style of include used by make
configure:3103: result: GNU
configure:3128: checking dependency style of c++
configure:3219: result: gcc3
configure:3285: checking for gcc
configure:3312: result: c++
configure:3550: checking for C compiler version
configure:3557: c++ --version >&5
Apple clang version 12.0.0 (clang-1200.0.32.21)
Target: x86_64-apple-darwin20.3.0
Thread model: posix
InstalledDir: /Applications/Xcode.app/Contents/Developer/Toolchains/XcodeDefault.xctoolchain/usr/bin
configure:3560: $? = 0
configure:3567: c++ -v >&5
Apple clang version 12.0.0 (clang-1200.0.32.21)
Target: x86_64-apple-darwin20.3.0
Thread model: posix
InstalledDir: /Applications/Xcode.app/Contents/Developer/Toolchains/XcodeDefault.xctoolchain/usr/bin
configure:3570: $? = 0
configure:3577: c++ -V >&5
clang: error: argument to '-V' is missing (expected 1 value)
clang: error: no input files
configure:3580: $? = 1
configure:3583: checking whether we are using the GNU C compiler
configure:3612: c++ -c   conftest.c >&5
clang: warning: treating 'c' input as 'c++' when in C++ mode, this behavior is deprecated [-Wdeprecated]
configure:3618: $? = 0
configure:3635: result: yes
configure:3640: checking whether c++ accepts -g
configure:3670: c++ -c -g  conftest.c >&5
clang: warning: treating 'c' input as 'c++' when in C++ mode, this behavior is deprecated [-Wdeprecated]
configure:3676: $? = 0
configure: failed program was:
| /* confdefs.h.  */
| #define PACKAGE_NAME "arprec"
| #define PACKAGE_TARNAME "arprec"
| #define PACKAGE_VERSION "2.2.1"
| #define PACKAGE_STRING "arprec 2.2.1"
| #define PACKAGE_BUGREPORT "dhbailey@lbl.gov"
| #define MAJOR_VERSION 2
| #define MINOR_VERSION 8
| #define PATCH_VERSION 1
| #define PACKAGE "arprec"
| #define VERSION "2.2.1"
| #define ARPREC_INLINE 1
| /* end confdefs.h.  */
| 
| int
| main ()
| {
| 
|   ;
|   return 0;
| }
configure:3708: c++ -c   conftest.c >&5
clang: warning: treating 'c' input as 'c++' when in C++ mode, this behavior is deprecated [-Wdeprecated]
configure:3714: $? = 0
configure: failed program was:
| /* confdefs.h.  */
| #define PACKAGE_NAME "arprec"
| #define PACKAGE_TARNAME "arprec"
| #define PACKAGE_VERSION "2.2.1"
| #define PACKAGE_STRING "arprec 2.2.1"
| #define PACKAGE_BUGREPORT "dhbailey@lbl.gov"
| #define MAJOR_VERSION 2
| #define MINOR_VERSION 8
| #define PATCH_VERSION 1
| #define PACKAGE "arprec"
| #define VERSION "2.2.1"
| #define ARPREC_INLINE 1
| /* end confdefs.h.  */
| 
| int
| main ()
| {
| 
|   ;
|   return 0;
| }
configure:3747: c++ -c -g  conftest.c >&5
clang: warning: treating 'c' input as 'c++' when in C++ mode, this behavior is deprecated [-Wdeprecated]
configure:3753: $? = 0
configure:3775: result: yes
configure:3792: checking for c++ option to accept ISO C89
configure:3866: c++  -c -g -O2  conftest.c >&5
clang: warning: treating 'c' input as 'c++' when in C++ mode, this behavior is deprecated [-Wdeprecated]
conftest.c:21:17: error: unknown type name 'p'
static char *e (p, i)
                ^
conftest.c:21:20: error: unknown type name 'i'
static char *e (p, i)
                   ^
conftest.c:21:22: error: expected ';' after top level declarator
static char *e (p, i)
                     ^
                     ;
conftest.c:24:1: error: expected unqualified-id
{
^
4 errors generated.
configure:3872: $? = 1
configure: failed program was:
| /* confdefs.h.  */
| #define PACKAGE_NAME "arprec"
| #define PACKAGE_TARNAME "arprec"
| #define PACKAGE_VERSION "2.2.1"
| #define PACKAGE_STRING "arprec 2.2.1"
| #define PACKAGE_BUGREPORT "dhbailey@lbl.gov"
| #define MAJOR_VERSION 2
| #define MINOR_VERSION 8
| #define PATCH_VERSION 1
| #define PACKAGE "arprec"
| #define VERSION "2.2.1"
| #define ARPREC_INLINE 1
| /* end confdefs.h.  */
| #include <stdarg.h>
| #include <stdio.h>
| #include <sys/types.h>
| #include <sys/stat.h>
| /* Most of the following tests are stolen from RCS 5.7's src/conf.sh.  */
| struct buf { int x; };
| FILE * (*rcsopen) (struct buf *, struct stat *, int);
| static char *e (p, i)
|      char **p;
|      int i;
| {
|   return p[i];
| }
| static char *f (char * (*g) (char **, int), char **p, ...)
| {
|   char *s;
|   va_list v;
|   va_start (v,p);
|   s = g (p, va_arg (v,int));
|   va_end (v);
|   return s;
| }
| 
| /* OSF 4.0 Compaq cc is some sort of almost-ANSI by default.  It has
|    function prototypes and stuff, but not '\xHH' hex character constants.
|    These don't provoke an error unfortunately, instead are silently treated
|    as 'x'.  The following induces an error, until -std is added to get
|    proper ANSI mode.  Curiously '\x00'!='x' always comes out true, for an
|    array size at least.  It's necessary to write '\x00'==0 to get something
|    that's true only with -std.  */
| int osf4_cc_array ['\x00' == 0 ? 1 : -1];
| 
| /* IBM C 6 for AIX is almost-ANSI by default, but it replaces macro parameters
|    inside strings and character constants.  */
| #define FOO(x) 'x'
| int xlc6_cc_array[FOO(a) == 'x' ? 1 : -1];
| 
| int test (int i, double x);
| struct s1 {int (*f) (int a);};
| struct s2 {int (*f) (double a);};
| int pairnames (int, char **, FILE *(*)(struct buf *, struct stat *, int), int, int);
| int argc;
| char **argv;
| int
| main ()
| {
| return f (e, argv, 0) != argv[0]  ||  f (e, argv, 1) != argv[1];
|   ;
|   return 0;
| }
configure:3866: c++ -qlanglvl=extc89 -c -g -O2  conftest.c >&5
clang: error: unknown argument: '-qlanglvl=extc89'
clang: warning: treating 'c' input as 'c++' when in C++ mode, this behavior is deprecated [-Wdeprecated]
configure:3872: $? = 1
configure: failed program was:
| /* confdefs.h.  */
| #define PACKAGE_NAME "arprec"
| #define PACKAGE_TARNAME "arprec"
| #define PACKAGE_VERSION "2.2.1"
| #define PACKAGE_STRING "arprec 2.2.1"
| #define PACKAGE_BUGREPORT "dhbailey@lbl.gov"
| #define MAJOR_VERSION 2
| #define MINOR_VERSION 8
| #define PATCH_VERSION 1
| #define PACKAGE "arprec"
| #define VERSION "2.2.1"
| #define ARPREC_INLINE 1
| /* end confdefs.h.  */
| #include <stdarg.h>
| #include <stdio.h>
| #include <sys/types.h>
| #include <sys/stat.h>
| /* Most of the following tests are stolen from RCS 5.7's src/conf.sh.  */
| struct buf { int x; };
| FILE * (*rcsopen) (struct buf *, struct stat *, int);
| static char *e (p, i)
|      char **p;
|      int i;
| {
|   return p[i];
| }
| static char *f (char * (*g) (char **, int), char **p, ...)
| {
|   char *s;
|   va_list v;
|   va_start (v,p);
|   s = g (p, va_arg (v,int));
|   va_end (v);
|   return s;
| }
| 
| /* OSF 4.0 Compaq cc is some sort of almost-ANSI by default.  It has
|    function prototypes and stuff, but not '\xHH' hex character constants.
|    These don't provoke an error unfortunately, instead are silently treated
|    as 'x'.  The following induces an error, until -std is added to get
|    proper ANSI mode.  Curiously '\x00'!='x' always comes out true, for an
|    array size at least.  It's necessary to write '\x00'==0 to get something
|    that's true only with -std.  */
| int osf4_cc_array ['\x00' == 0 ? 1 : -1];
| 
| /* IBM C 6 for AIX is almost-ANSI by default, but it replaces macro parameters
|    inside strings and character constants.  */
| #define FOO(x) 'x'
| int xlc6_cc_array[FOO(a) == 'x' ? 1 : -1];
| 
| int test (int i, double x);
| struct s1 {int (*f) (int a);};
| struct s2 {int (*f) (double a);};
| int pairnames (int, char **, FILE *(*)(struct buf *, struct stat *, int), int, int);
| int argc;
| char **argv;
| int
| main ()
| {
| return f (e, argv, 0) != argv[0]  ||  f (e, argv, 1) != argv[1];
|   ;
|   return 0;
| }
configure:3866: c++ -qlanglvl=ansi -c -g -O2  conftest.c >&5
clang: error: unknown argument: '-qlanglvl=ansi'
clang: warning: treating 'c' input as 'c++' when in C++ mode, this behavior is deprecated [-Wdeprecated]
configure:3872: $? = 1
configure: failed program was:
| /* confdefs.h.  */
| #define PACKAGE_NAME "arprec"
| #define PACKAGE_TARNAME "arprec"
| #define PACKAGE_VERSION "2.2.1"
| #define PACKAGE_STRING "arprec 2.2.1"
| #define PACKAGE_BUGREPORT "dhbailey@lbl.gov"
| #define MAJOR_VERSION 2
| #define MINOR_VERSION 8
| #define PATCH_VERSION 1
| #define PACKAGE "arprec"
| #define VERSION "2.2.1"
| #define ARPREC_INLINE 1
| /* end confdefs.h.  */
| #include <stdarg.h>
| #include <stdio.h>
| #include <sys/types.h>
| #include <sys/stat.h>
| /* Most of the following tests are stolen from RCS 5.7's src/conf.sh.  */
| struct buf { int x; };
| FILE * (*rcsopen) (struct buf *, struct stat *, int);
| static char *e (p, i)
|      char **p;
|      int i;
| {
|   return p[i];
| }
| static char *f (char * (*g) (char **, int), char **p, ...)
| {
|   char *s;
|   va_list v;
|   va_start (v,p);
|   s = g (p, va_arg (v,int));
|   va_end (v);
|   return s;
| }
| 
| /* OSF 4.0 Compaq cc is some sort of almost-ANSI by default.  It has
|    function prototypes and stuff, but not '\xHH' hex character constants.
|    These don't provoke an error unfortunately, instead are silently treated
|    as 'x'.  The following induces an error, until -std is added to get
|    proper ANSI mode.  Curiously '\x00'!='x' always comes out true, for an
|    array size at least.  It's necessary to write '\x00'==0 to get something
|    that's true only with -std.  */
| int osf4_cc_array ['\x00' == 0 ? 1 : -1];
| 
| /* IBM C 6 for AIX is almost-ANSI by default, but it replaces macro parameters
|    inside strings and character constants.  */
| #define FOO(x) 'x'
| int xlc6_cc_array[FOO(a) == 'x' ? 1 : -1];
| 
| int test (int i, double x);
| struct s1 {int (*f) (int a);};
| struct s2 {int (*f) (double a);};
| int pairnames (int, char **, FILE *(*)(struct buf *, struct stat *, int), int, int);
| int argc;
| char **argv;
| int
| main ()
| {
| return f (e, argv, 0) != argv[0]  ||  f (e, argv, 1) != argv[1];
|   ;
|   return 0;
| }
configure:3866: c++ -std -c -g -O2  conftest.c >&5
clang: error: unknown argument: '-std'
clang: warning: treating 'c' input as 'c++' when in C++ mode, this behavior is deprecated [-Wdeprecated]
configure:3872: $? = 1
configure: failed program was:
| /* confdefs.h.  */
| #define PACKAGE_NAME "arprec"
| #define PACKAGE_TARNAME "arprec"
| #define PACKAGE_VERSION "2.2.1"
| #define PACKAGE_STRING "arprec 2.2.1"
| #define PACKAGE_BUGREPORT "dhbailey@lbl.gov"
| #define MAJOR_VERSION 2
| #define MINOR_VERSION 8
| #define PATCH_VERSION 1
| #define PACKAGE "arprec"
| #define VERSION "2.2.1"
| #define ARPREC_INLINE 1
| /* end confdefs.h.  */
| #include <stdarg.h>
| #include <stdio.h>
| #include <sys/types.h>
| #include <sys/stat.h>
| /* Most of the following tests are stolen from RCS 5.7's src/conf.sh.  */
| struct buf { int x; };
| FILE * (*rcsopen) (struct buf *, struct stat *, int);
| static char *e (p, i)
|      char **p;
|      int i;
| {
|   return p[i];
| }
| static char *f (char * (*g) (char **, int), char **p, ...)
| {
|   char *s;
|   va_list v;
|   va_start (v,p);
|   s = g (p, va_arg (v,int));
|   va_end (v);
|   return s;
| }
| 
| /* OSF 4.0 Compaq cc is some sort of almost-ANSI by default.  It has
|    function prototypes and stuff, but not '\xHH' hex character constants.
|    These don't provoke an error unfortunately, instead are silently treated
|    as 'x'.  The following induces an error, until -std is added to get
|    proper ANSI mode.  Curiously '\x00'!='x' always comes out true, for an
|    array size at least.  It's necessary to write '\x00'==0 to get something
|    that's true only with -std.  */
| int osf4_cc_array ['\x00' == 0 ? 1 : -1];
| 
| /* IBM C 6 for AIX is almost-ANSI by default, but it replaces macro parameters
|    inside strings and character constants.  */
| #define FOO(x) 'x'
| int xlc6_cc_array[FOO(a) == 'x' ? 1 : -1];
| 
| int test (int i, double x);
| struct s1 {int (*f) (int a);};
| struct s2 {int (*f) (double a);};
| int pairnames (int, char **, FILE *(*)(struct buf *, struct stat *, int), int, int);
| int argc;
| char **argv;
| int
| main ()
| {
| return f (e, argv, 0) != argv[0]  ||  f (e, argv, 1) != argv[1];
|   ;
|   return 0;
| }
configure:3866: c++ -Ae -c -g -O2  conftest.c >&5
clang: warning: treating 'c' input as 'c++' when in C++ mode, this behavior is deprecated [-Wdeprecated]
clang: warning: argument unused during compilation: '-Ae' [-Wunused-command-line-argument]
conftest.c:21:17: error: unknown type name 'p'
static char *e (p, i)
                ^
conftest.c:21:20: error: unknown type name 'i'
static char *e (p, i)
                   ^
conftest.c:21:22: error: expected ';' after top level declarator
static char *e (p, i)
                     ^
                     ;
conftest.c:24:1: error: expected unqualified-id
{
^
4 errors generated.
configure:3872: $? = 1
configure: failed program was:
| /* confdefs.h.  */
| #define PACKAGE_NAME "arprec"
| #define PACKAGE_TARNAME "arprec"
| #define PACKAGE_VERSION "2.2.1"
| #define PACKAGE_STRING "arprec 2.2.1"
| #define PACKAGE_BUGREPORT "dhbailey@lbl.gov"
| #define MAJOR_VERSION 2
| #define MINOR_VERSION 8
| #define PATCH_VERSION 1
| #define PACKAGE "arprec"
| #define VERSION "2.2.1"
| #define ARPREC_INLINE 1
| /* end confdefs.h.  */
| #include <stdarg.h>
| #include <stdio.h>
| #include <sys/types.h>
| #include <sys/stat.h>
| /* Most of the following tests are stolen from RCS 5.7's src/conf.sh.  */
| struct buf { int x; };
| FILE * (*rcsopen) (struct buf *, struct stat *, int);
| static char *e (p, i)
|      char **p;
|      int i;
| {
|   return p[i];
| }
| static char *f (char * (*g) (char **, int), char **p, ...)
| {
|   char *s;
|   va_list v;
|   va_start (v,p);
|   s = g (p, va_arg (v,int));
|   va_end (v);
|   return s;
| }
| 
| /* OSF 4.0 Compaq cc is some sort of almost-ANSI by default.  It has
|    function prototypes and stuff, but not '\xHH' hex character constants.
|    These don't provoke an error unfortunately, instead are silently treated
|    as 'x'.  The following induces an error, until -std is added to get
|    proper ANSI mode.  Curiously '\x00'!='x' always comes out true, for an
|    array size at least.  It's necessary to write '\x00'==0 to get something
|    that's true only with -std.  */
| int osf4_cc_array ['\x00' == 0 ? 1 : -1];
| 
| /* IBM C 6 for AIX is almost-ANSI by default, but it replaces macro parameters
|    inside strings and character constants.  */
| #define FOO(x) 'x'
| int xlc6_cc_array[FOO(a) == 'x' ? 1 : -1];
| 
| int test (int i, double x);
| struct s1 {int (*f) (int a);};
| struct s2 {int (*f) (double a);};
| int pairnames (int, char **, FILE *(*)(struct buf *, struct stat *, int), int, int);
| int argc;
| char **argv;
| int
| main ()
| {
| return f (e, argv, 0) != argv[0]  ||  f (e, argv, 1) != argv[1];
|   ;
|   return 0;
| }
configure:3866: c++ -Aa -D_HPUX_SOURCE -c -g -O2  conftest.c >&5
clang: warning: treating 'c' input as 'c++' when in C++ mode, this behavior is deprecated [-Wdeprecated]
clang: warning: argument unused during compilation: '-Aa' [-Wunused-command-line-argument]
conftest.c:21:17: error: unknown type name 'p'
static char *e (p, i)
                ^
conftest.c:21:20: error: unknown type name 'i'
static char *e (p, i)
                   ^
conftest.c:21:22: error: expected ';' after top level declarator
static char *e (p, i)
                     ^
                     ;
conftest.c:24:1: error: expected unqualified-id
{
^
4 errors generated.
configure:3872: $? = 1
configure: failed program was:
| /* confdefs.h.  */
| #define PACKAGE_NAME "arprec"
| #define PACKAGE_TARNAME "arprec"
| #define PACKAGE_VERSION "2.2.1"
| #define PACKAGE_STRING "arprec 2.2.1"
| #define PACKAGE_BUGREPORT "dhbailey@lbl.gov"
| #define MAJOR_VERSION 2
| #define MINOR_VERSION 8
| #define PATCH_VERSION 1
| #define PACKAGE "arprec"
| #define VERSION "2.2.1"
| #define ARPREC_INLINE 1
| /* end confdefs.h.  */
| #include <stdarg.h>
| #include <stdio.h>
| #include <sys/types.h>
| #include <sys/stat.h>
| /* Most of the following tests are stolen from RCS 5.7's src/conf.sh.  */
| struct buf { int x; };
| FILE * (*rcsopen) (struct buf *, struct stat *, int);
| static char *e (p, i)
|      char **p;
|      int i;
| {
|   return p[i];
| }
| static char *f (char * (*g) (char **, int), char **p, ...)
| {
|   char *s;
|   va_list v;
|   va_start (v,p);
|   s = g (p, va_arg (v,int));
|   va_end (v);
|   return s;
| }
| 
| /* OSF 4.0 Compaq cc is some sort of almost-ANSI by default.  It has
|    function prototypes and stuff, but not '\xHH' hex character constants.
|    These don't provoke an error unfortunately, instead are silently treated
|    as 'x'.  The following induces an error, until -std is added to get
|    proper ANSI mode.  Curiously '\x00'!='x' always comes out true, for an
|    array size at least.  It's necessary to write '\x00'==0 to get something
|    that's true only with -std.  */
| int osf4_cc_array ['\x00' == 0 ? 1 : -1];
| 
| /* IBM C 6 for AIX is almost-ANSI by default, but it replaces macro parameters
|    inside strings and character constants.  */
| #define FOO(x) 'x'
| int xlc6_cc_array[FOO(a) == 'x' ? 1 : -1];
| 
| int test (int i, double x);
| struct s1 {int (*f) (int a);};
| struct s2 {int (*f) (double a);};
| int pairnames (int, char **, FILE *(*)(struct buf *, struct stat *, int), int, int);
| int argc;
| char **argv;
| int
| main ()
| {
| return f (e, argv, 0) != argv[0]  ||  f (e, argv, 1) != argv[1];
|   ;
|   return 0;
| }
configure:3866: c++ -Xc -D__EXTENSIONS__ -c -g -O2  conftest.c >&5
clang: warning: treating 'c' input as 'c++' when in C++ mode, this behavior is deprecated [-Wdeprecated]
clang: warning: argument unused during compilation: '-Xc' [-Wunused-command-line-argument]
conftest.c:21:17: error: unknown type name 'p'
static char *e (p, i)
                ^
conftest.c:21:20: error: unknown type name 'i'
static char *e (p, i)
                   ^
conftest.c:21:22: error: expected ';' after top level declarator
static char *e (p, i)
                     ^
                     ;
conftest.c:24:1: error: expected unqualified-id
{
^
4 errors generated.
configure:3872: $? = 1
configure: failed program was:
| /* confdefs.h.  */
| #define PACKAGE_NAME "arprec"
| #define PACKAGE_TARNAME "arprec"
| #define PACKAGE_VERSION "2.2.1"
| #define PACKAGE_STRING "arprec 2.2.1"
| #define PACKAGE_BUGREPORT "dhbailey@lbl.gov"
| #define MAJOR_VERSION 2
| #define MINOR_VERSION 8
| #define PATCH_VERSION 1
| #define PACKAGE "arprec"
| #define VERSION "2.2.1"
| #define ARPREC_INLINE 1
| /* end confdefs.h.  */
| #include <stdarg.h>
| #include <stdio.h>
| #include <sys/types.h>
| #include <sys/stat.h>
| /* Most of the following tests are stolen from RCS 5.7's src/conf.sh.  */
| struct buf { int x; };
| FILE * (*rcsopen) (struct buf *, struct stat *, int);
| static char *e (p, i)
|      char **p;
|      int i;
| {
|   return p[i];
| }
| static char *f (char * (*g) (char **, int), char **p, ...)
| {
|   char *s;
|   va_list v;
|   va_start (v,p);
|   s = g (p, va_arg (v,int));
|   va_end (v);
|   return s;
| }
| 
| /* OSF 4.0 Compaq cc is some sort of almost-ANSI by default.  It has
|    function prototypes and stuff, but not '\xHH' hex character constants.
|    These don't provoke an error unfortunately, instead are silently treated
|    as 'x'.  The following induces an error, until -std is added to get
|    proper ANSI mode.  Curiously '\x00'!='x' always comes out true, for an
|    array size at least.  It's necessary to write '\x00'==0 to get something
|    that's true only with -std.  */
| int osf4_cc_array ['\x00' == 0 ? 1 : -1];
| 
| /* IBM C 6 for AIX is almost-ANSI by default, but it replaces macro parameters
|    inside strings and character constants.  */
| #define FOO(x) 'x'
| int xlc6_cc_array[FOO(a) == 'x' ? 1 : -1];
| 
| int test (int i, double x);
| struct s1 {int (*f) (int a);};
| struct s2 {int (*f) (double a);};
| int pairnames (int, char **, FILE *(*)(struct buf *, struct stat *, int), int, int);
| int argc;
| char **argv;
| int
| main ()
| {
| return f (e, argv, 0) != argv[0]  ||  f (e, argv, 1) != argv[1];
|   ;
|   return 0;
| }
configure:3898: result: unsupported
configure:3915: checking dependency style of c++
configure:4006: result: gcc3
configure:5006: checking for xlf95
configure:5036: result: no
configure:5006: checking for ifort
configure:5036: result: no
configure:5006: checking for pathf95
configure:5036: result: no
configure:5006: checking for f95
configure:5036: result: no
configure:5006: checking for gfortran
configure:5022: found /usr/local/bin/gfortran
configure:5033: result: gfortran
configure:5063: checking for Fortran compiler version
configure:5070: gfortran --version >&5
GNU Fortran (GCC) 10.2.0
Copyright (C) 2020 Free Software Foundation, Inc.
This is free software; see the source for copying conditions.  There is NO
warranty; not even for MERCHANTABILITY or FITNESS FOR A PARTICULAR PURPOSE.

configure:5073: $? = 0
configure:5080: gfortran -v >&5
Using built-in specs.
COLLECT_GCC=gfortran
COLLECT_LTO_WRAPPER=/usr/local/gfortran/libexec/gcc/x86_64-apple-darwin19/10.2.0/lto-wrapper
Target: x86_64-apple-darwin19
Configured with: ../gcc-10.2.0/configure --prefix=/usr/local/gfortran --with-gmp=/Users/fx/devel/gcc/build_package/deps --with-isl=/Users/fx/devel/gcc/build_package/deps --enable-languages=c,c++,fortran,objc,obj-c++ --build=x86_64-apple-darwin19 --with-native-system-header-dir=/usr/include --with-sysroot=/Library/Developer/CommandLineTools/SDKs/MacOSX.sdk
Thread model: posix
Supported LTO compression algorithms: zlib
gcc version 10.2.0 (GCC) 
configure:5083: $? = 0
configure:5090: gfortran -V >&5
gfortran: error: unrecognized command-line option '-V'
gfortran: fatal error: no input files
compilation terminated.
configure:5093: $? = 1
configure:5101: checking whether we are using the GNU Fortran compiler
configure:5120: gfortran -c -O2  conftest.F >&5
configure:5126: $? = 0
configure:5143: result: yes
configure:5149: checking whether gfortran accepts -g
configure:5166: gfortran -c -g  conftest.f >&5
configure:5172: $? = 0
configure:5188: result: yes
configure:5224: checking how to get verbose linking output from gfortran
configure:5240: gfortran -c -O2  conftest.f >&5
configure:5246: $? = 0
configure:5268: gfortran -o conftest -O2 -v conftest.f
Using built-in specs.
COLLECT_GCC=gfortran
COLLECT_LTO_WRAPPER=/usr/local/gfortran/libexec/gcc/x86_64-apple-darwin19/10.2.0/lto-wrapper
Target: x86_64-apple-darwin19
Configured with: ../gcc-10.2.0/configure --prefix=/usr/local/gfortran --with-gmp=/Users/fx/devel/gcc/build_package/deps --with-isl=/Users/fx/devel/gcc/build_package/deps --enable-languages=c,c++,fortran,objc,obj-c++ --build=x86_64-apple-darwin19 --with-native-system-header-dir=/usr/include --with-sysroot=/Library/Developer/CommandLineTools/SDKs/MacOSX.sdk
Thread model: posix
Supported LTO compression algorithms: zlib
gcc version 10.2.0 (GCC) 
COLLECT_GCC_OPTIONS='-o' 'conftest' '-O2' '-v' '-mmacosx-version-min=10.16.0' '-asm_macosx_version_min=10.16' '-shared-libgcc' '-mtune=core2'
 /usr/local/gfortran/libexec/gcc/x86_64-apple-darwin19/10.2.0/f951 conftest.f -ffixed-form -fPIC -quiet -dumpbase conftest.f -mmacosx-version-min=10.16.0 -mtune=core2 -auxbase conftest -O2 -version -fintrinsic-modules-path /usr/local/gfortran/lib/gcc/x86_64-apple-darwin19/10.2.0/finclude -o /var/folders/dw/jp723r6x55d2n3g27cvj56s00000gn/T//ccE4NXKt.s
GNU Fortran (GCC) version 10.2.0 (x86_64-apple-darwin19)
	compiled by GNU C version 10.2.0, GMP version 6.2.0, MPFR version 4.1.0, MPC version 1.2.0, isl version isl-0.22.1-GMP

GGC heuristics: --param ggc-min-expand=100 --param ggc-min-heapsize=131072
GNU Fortran2008 (GCC) version 10.2.0 (x86_64-apple-darwin19)
	compiled by GNU C version 10.2.0, GMP version 6.2.0, MPFR version 4.1.0, MPC version 1.2.0, isl version isl-0.22.1-GMP

GGC heuristics: --param ggc-min-expand=100 --param ggc-min-heapsize=131072
COLLECT_GCC_OPTIONS='-o' 'conftest' '-O2' '-v' '-mmacosx-version-min=10.16.0'  '-shared-libgcc' '-mtune=core2'
 as -arch x86_64 -v -force_cpusubtype_ALL -mmacosx-version-min=10.16 -o /var/folders/dw/jp723r6x55d2n3g27cvj56s00000gn/T//ccfFPNum.o /var/folders/dw/jp723r6x55d2n3g27cvj56s00000gn/T//ccE4NXKt.s
Apple clang version 12.0.0 (clang-1200.0.32.21)
Target: x86_64-apple-darwin20.3.0
Thread model: posix
InstalledDir: /Applications/Xcode.app/Contents/Developer/Toolchains/XcodeDefault.xctoolchain/usr/bin
 "/Applications/Xcode.app/Contents/Developer/Toolchains/XcodeDefault.xctoolchain/usr/bin/clang" -cc1as -triple x86_64-apple-macosx10.16.0 -filetype obj -main-file-name ccE4NXKt.s -target-cpu penryn -fdebug-compilation-dir /Users/dhbailey/Documents/arprec-2.2.20 -dwarf-debug-producer "Apple clang version 12.0.0 (clang-1200.0.32.21)" -dwarf-version=4 -mrelocation-model pic -o /var/folders/dw/jp723r6x55d2n3g27cvj56s00000gn/T//ccfFPNum.o /var/folders/dw/jp723r6x55d2n3g27cvj56s00000gn/T//ccE4NXKt.s
Reading specs from /usr/local/gfortran/lib/gcc/x86_64-apple-darwin19/10.2.0/../../../libgfortran.spec
rename spec lib to liborig
COLLECT_GCC_OPTIONS='-o' 'conftest' '-O2' '-v' '-mmacosx-version-min=10.16.0'  '-shared-libgcc' '-mtune=core2'
COMPILER_PATH=/usr/local/gfortran/libexec/gcc/x86_64-apple-darwin19/10.2.0/:/usr/local/gfortran/libexec/gcc/x86_64-apple-darwin19/10.2.0/:/usr/local/gfortran/libexec/gcc/x86_64-apple-darwin19/:/usr/local/gfortran/lib/gcc/x86_64-apple-darwin19/10.2.0/:/usr/local/gfortran/lib/gcc/x86_64-apple-darwin19/
LIBRARY_PATH=/usr/local/gfortran/lib/gcc/x86_64-apple-darwin19/10.2.0/:/usr/local/gfortran/lib/gcc/x86_64-apple-darwin19/10.2.0/../../../
COLLECT_GCC_OPTIONS='-o' 'conftest' '-O2' '-v' '-mmacosx-version-min=10.16.0'  '-shared-libgcc' '-mtune=core2'
 /usr/local/gfortran/libexec/gcc/x86_64-apple-darwin19/10.2.0/collect2 -syslibroot /Library/Developer/CommandLineTools/SDKs/MacOSX.sdk/ -dynamic -arch x86_64 -macosx_version_min 10.16.0 -weak_reference_mismatches non-weak -o conftest -L/usr/local/gfortran/lib/gcc/x86_64-apple-darwin19/10.2.0 -L/usr/local/gfortran/lib/gcc/x86_64-apple-darwin19/10.2.0/../../.. /var/folders/dw/jp723r6x55d2n3g27cvj56s00000gn/T//ccfFPNum.o -lgfortran -lSystem -lgcc_ext.10.5 -lgcc -lquadmath -lm -lgcc_ext.10.5 -lgcc -lSystem -no_compact_unwind -v
collect2 version 10.2.0
/usr/bin/ld -syslibroot /Library/Developer/CommandLineTools/SDKs/MacOSX.sdk/ -dynamic -arch x86_64 -macosx_version_min 10.16.0 -weak_reference_mismatches non-weak -o conftest -L/usr/local/gfortran/lib/gcc/x86_64-apple-darwin19/10.2.0 -L/usr/local/gfortran/lib/gcc/x86_64-apple-darwin19/10.2.0/../../.. /var/folders/dw/jp723r6x55d2n3g27cvj56s00000gn/T//ccfFPNum.o -lgfortran -lSystem -lgcc_ext.10.5 -lgcc -lquadmath -lm -lgcc_ext.10.5 -lgcc -lSystem -no_compact_unwind -v
@(#)PROGRAM:ld  PROJECT:ld64-609
BUILD 18:16:50 Sep 24 2020
configured to support archs: armv6 armv7 armv7s arm64 arm64e arm64_32 i386 x86_64 x86_64h armv6m armv7k armv7m armv7em
Library search paths:
	/usr/local/gfortran/lib/gcc/x86_64-apple-darwin19/10.2.0
	/usr/local/gfortran/lib
	/Library/Developer/CommandLineTools/SDKs/MacOSX.sdk/usr/lib
Framework search paths:
	/Library/Developer/CommandLineTools/SDKs/MacOSX.sdk/System/Library/Frameworks/
configure:5334: result: -v
configure:5336: checking for Fortran libraries of gfortran
configure:5359: gfortran -o conftest -O2 -v conftest.f
Using built-in specs.
COLLECT_GCC=gfortran
COLLECT_LTO_WRAPPER=/usr/local/gfortran/libexec/gcc/x86_64-apple-darwin19/10.2.0/lto-wrapper
Target: x86_64-apple-darwin19
Configured with: ../gcc-10.2.0/configure --prefix=/usr/local/gfortran --with-gmp=/Users/fx/devel/gcc/build_package/deps --with-isl=/Users/fx/devel/gcc/build_package/deps --enable-languages=c,c++,fortran,objc,obj-c++ --build=x86_64-apple-darwin19 --with-native-system-header-dir=/usr/include --with-sysroot=/Library/Developer/CommandLineTools/SDKs/MacOSX.sdk
Thread model: posix
Supported LTO compression algorithms: zlib
gcc version 10.2.0 (GCC) 
COLLECT_GCC_OPTIONS='-o' 'conftest' '-O2' '-v' '-mmacosx-version-min=10.16.0' '-asm_macosx_version_min=10.16' '-shared-libgcc' '-mtune=core2'
 /usr/local/gfortran/libexec/gcc/x86_64-apple-darwin19/10.2.0/f951 conftest.f -ffixed-form -fPIC -quiet -dumpbase conftest.f -mmacosx-version-min=10.16.0 -mtune=core2 -auxbase conftest -O2 -version -fintrinsic-modules-path /usr/local/gfortran/lib/gcc/x86_64-apple-darwin19/10.2.0/finclude -o /var/folders/dw/jp723r6x55d2n3g27cvj56s00000gn/T//cc3iIa9V.s
GNU Fortran (GCC) version 10.2.0 (x86_64-apple-darwin19)
	compiled by GNU C version 10.2.0, GMP version 6.2.0, MPFR version 4.1.0, MPC version 1.2.0, isl version isl-0.22.1-GMP

GGC heuristics: --param ggc-min-expand=100 --param ggc-min-heapsize=131072
GNU Fortran2008 (GCC) version 10.2.0 (x86_64-apple-darwin19)
	compiled by GNU C version 10.2.0, GMP version 6.2.0, MPFR version 4.1.0, MPC version 1.2.0, isl version isl-0.22.1-GMP

GGC heuristics: --param ggc-min-expand=100 --param ggc-min-heapsize=131072
COLLECT_GCC_OPTIONS='-o' 'conftest' '-O2' '-v' '-mmacosx-version-min=10.16.0'  '-shared-libgcc' '-mtune=core2'
 as -arch x86_64 -v -force_cpusubtype_ALL -mmacosx-version-min=10.16 -o /var/folders/dw/jp723r6x55d2n3g27cvj56s00000gn/T//cc8tw3HG.o /var/folders/dw/jp723r6x55d2n3g27cvj56s00000gn/T//cc3iIa9V.s
Apple clang version 12.0.0 (clang-1200.0.32.21)
Target: x86_64-apple-darwin20.3.0
Thread model: posix
InstalledDir: /Applications/Xcode.app/Contents/Developer/Toolchains/XcodeDefault.xctoolchain/usr/bin
 "/Applications/Xcode.app/Contents/Developer/Toolchains/XcodeDefault.xctoolchain/usr/bin/clang" -cc1as -triple x86_64-apple-macosx10.16.0 -filetype obj -main-file-name cc3iIa9V.s -target-cpu penryn -fdebug-compilation-dir /Users/dhbailey/Documents/arprec-2.2.20 -dwarf-debug-producer "Apple clang version 12.0.0 (clang-1200.0.32.21)" -dwarf-version=4 -mrelocation-model pic -o /var/folders/dw/jp723r6x55d2n3g27cvj56s00000gn/T//cc8tw3HG.o /var/folders/dw/jp723r6x55d2n3g27cvj56s00000gn/T//cc3iIa9V.s
Reading specs from /usr/local/gfortran/lib/gcc/x86_64-apple-darwin19/10.2.0/../../../libgfortran.spec
rename spec lib to liborig
COLLECT_GCC_OPTIONS='-o' 'conftest' '-O2' '-v' '-mmacosx-version-min=10.16.0'  '-shared-libgcc' '-mtune=core2'
COMPILER_PATH=/usr/local/gfortran/libexec/gcc/x86_64-apple-darwin19/10.2.0/:/usr/local/gfortran/libexec/gcc/x86_64-apple-darwin19/10.2.0/:/usr/local/gfortran/libexec/gcc/x86_64-apple-darwin19/:/usr/local/gfortran/lib/gcc/x86_64-apple-darwin19/10.2.0/:/usr/local/gfortran/lib/gcc/x86_64-apple-darwin19/
LIBRARY_PATH=/usr/local/gfortran/lib/gcc/x86_64-apple-darwin19/10.2.0/:/usr/local/gfortran/lib/gcc/x86_64-apple-darwin19/10.2.0/../../../
COLLECT_GCC_OPTIONS='-o' 'conftest' '-O2' '-v' '-mmacosx-version-min=10.16.0'  '-shared-libgcc' '-mtune=core2'
 /usr/local/gfortran/libexec/gcc/x86_64-apple-darwin19/10.2.0/collect2 -syslibroot /Library/Developer/CommandLineTools/SDKs/MacOSX.sdk/ -dynamic -arch x86_64 -macosx_version_min 10.16.0 -weak_reference_mismatches non-weak -o conftest -L/usr/local/gfortran/lib/gcc/x86_64-apple-darwin19/10.2.0 -L/usr/local/gfortran/lib/gcc/x86_64-apple-darwin19/10.2.0/../../.. /var/folders/dw/jp723r6x55d2n3g27cvj56s00000gn/T//cc8tw3HG.o -lgfortran -lSystem -lgcc_ext.10.5 -lgcc -lquadmath -lm -lgcc_ext.10.5 -lgcc -lSystem -no_compact_unwind -v
collect2 version 10.2.0
/usr/bin/ld -syslibroot /Library/Developer/CommandLineTools/SDKs/MacOSX.sdk/ -dynamic -arch x86_64 -macosx_version_min 10.16.0 -weak_reference_mismatches non-weak -o conftest -L/usr/local/gfortran/lib/gcc/x86_64-apple-darwin19/10.2.0 -L/usr/local/gfortran/lib/gcc/x86_64-apple-darwin19/10.2.0/../../.. /var/folders/dw/jp723r6x55d2n3g27cvj56s00000gn/T//cc8tw3HG.o -lgfortran -lSystem -lgcc_ext.10.5 -lgcc -lquadmath -lm -lgcc_ext.10.5 -lgcc -lSystem -no_compact_unwind -v
@(#)PROGRAM:ld  PROJECT:ld64-609
BUILD 18:16:50 Sep 24 2020
configured to support archs: armv6 armv7 armv7s arm64 arm64e arm64_32 i386 x86_64 x86_64h armv6m armv7k armv7m armv7em
Library search paths:
	/usr/local/gfortran/lib/gcc/x86_64-apple-darwin19/10.2.0
	/usr/local/gfortran/lib
	/Library/Developer/CommandLineTools/SDKs/MacOSX.sdk/usr/lib
Framework search paths:
	/Library/Developer/CommandLineTools/SDKs/MacOSX.sdk/System/Library/Frameworks/
configure:5533: result:  -L/usr/local/gfortran/lib/gcc/x86_64-apple-darwin19/10.2.0 -L/usr/local/gfortran/lib/gcc/x86_64-apple-darwin19/10.2.0/../../.. -lgfortran -lquadmath -lm
configure:5547: checking for Fortran flag needed to allow free-form source
configure:5572: gfortran -c -O2  conftest.f >&5
conftest.f:2:4:

    2 |   program freeform
      |    1
Error: Non-numeric character in statement label at (1)
conftest.f:4:27:

    4 |        print *, 'Hello ', &
      |                           1
Error: Expected expression in PRINT statement at (1)
conftest.f:5:13:

    5 |            'world.'
      |             1
Error: Invalid character in name at (1)
configure:5578: $? = 1
configure: failed program was:
| 
|   program freeform
|        ! FIXME: how to best confuse non-freeform compilers?
|        print *, 'Hello ', &
|            'world.'
|        end
configure:5572: gfortran -c -O2 -ffree-form  conftest.f >&5
configure:5578: $? = 0
configure:5597: result: -ffree-form
configure:5615: checking whether extra library is needed to link Fortran and C++
configure:5654: c++ -o conftest -O2 -Wall   conftest.cpp   -L/usr/local/gfortran/lib/gcc/x86_64-apple-darwin19/10.2.0 -L/usr/local/gfortran/lib/gcc/x86_64-apple-darwin19/10.2.0/../../.. -lgfortran -lquadmath -lm  >&5
configure:5660: $? = 0
configure:5687: result: none
configure:5708: checking for dummy main to link with Fortran libraries
configure:5752: c++ -o conftest -g -O2   conftest.c   -L/usr/local/gfortran/lib/gcc/x86_64-apple-darwin19/10.2.0 -L/usr/local/gfortran/lib/gcc/x86_64-apple-darwin19/10.2.0/../../.. -lgfortran -lquadmath -lm  >&5
clang: warning: treating 'c' input as 'c++' when in C++ mode, this behavior is deprecated [-Wdeprecated]
configure:5758: $? = 0
configure:5839: result: none
configure:5875: checking for Fortran name-mangling scheme
configure:5894: gfortran -c -O2 -ffree-form  conftest.f >&5
configure:5900: $? = 0
configure:5955: c++ -o conftest -g -O2   conftest.c cfortran_test.o   -L/usr/local/gfortran/lib/gcc/x86_64-apple-darwin19/10.2.0 -L/usr/local/gfortran/lib/gcc/x86_64-apple-darwin19/10.2.0/../../.. -lgfortran -lquadmath -lm  >&5
clang: warning: treating 'c' input as 'c++' when in C++ mode, this behavior is deprecated [-Wdeprecated]
ld: warning: object file (cfortran_test.o) was built for newer macOS version (10.16) than being linked (10.15.6)
Undefined symbols for architecture x86_64:
  "_foobar", referenced from:
      _main in conftest-92f3a2.o
     (maybe you meant: _foobar_)
ld: symbol(s) not found for architecture x86_64
clang: error: linker command failed with exit code 1 (use -v to see invocation)
configure:5961: $? = 1
configure: failed program was:
| /* confdefs.h.  */
| #define PACKAGE_NAME "arprec"
| #define PACKAGE_TARNAME "arprec"
| #define PACKAGE_VERSION "2.2.1"
| #define PACKAGE_STRING "arprec 2.2.1"
| #define PACKAGE_BUGREPORT "dhbailey@lbl.gov"
| #define MAJOR_VERSION 2
| #define MINOR_VERSION 8
| #define PATCH_VERSION 1
| #define PACKAGE "arprec"
| #define VERSION "2.2.1"
| #define ARPREC_INLINE 1
| #define HAVE_FORTRAN 1
| /* end confdefs.h.  */
| 
| /* Override any GCC internal prototype to avoid an error.
|    Use char because int might match the return type of a GCC
|    builtin and then its argument prototype would still apply.  */
| #ifdef __cplusplus
| extern "C"
| #endif
| char foobar ();
| #ifdef FC_DUMMY_MAIN
| #ifndef FC_DUMMY_MAIN_EQ_F77
| #  ifdef __cplusplus
|      extern "C"
| #  endif
|    int FC_DUMMY_MAIN() { return 1; }
| #endif
| #endif
| int
| main ()
| {
| return foobar ();
|   ;
|   return 0;
| }
configure:5955: c++ -o conftest -g -O2   conftest.c cfortran_test.o   -L/usr/local/gfortran/lib/gcc/x86_64-apple-darwin19/10.2.0 -L/usr/local/gfortran/lib/gcc/x86_64-apple-darwin19/10.2.0/../../.. -lgfortran -lquadmath -lm  >&5
clang: warning: treating 'c' input as 'c++' when in C++ mode, this behavior is deprecated [-Wdeprecated]
ld: warning: object file (cfortran_test.o) was built for newer macOS version (10.16) than being linked (10.15.6)
configure:5961: $? = 0
configure:6040: c++ -o conftest -g -O2   conftest.c cfortran_test.o   -L/usr/local/gfortran/lib/gcc/x86_64-apple-darwin19/10.2.0 -L/usr/local/gfortran/lib/gcc/x86_64-apple-darwin19/10.2.0/../../.. -lgfortran -lquadmath -lm  >&5
clang: warning: treating 'c' input as 'c++' when in C++ mode, this behavior is deprecated [-Wdeprecated]
ld: warning: object file (cfortran_test.o) was built for newer macOS version (10.16) than being linked (10.15.6)
configure:6046: $? = 0
configure:6103: result: lower case, underscore, no extra underscore
configure:6205: checking for alternate main to link with Fortran libraries
configure:6255: c++ -o conftest -g -O2   conftest.c   -L/usr/local/gfortran/lib/gcc/x86_64-apple-darwin19/10.2.0 -L/usr/local/gfortran/lib/gcc/x86_64-apple-darwin19/10.2.0/../../.. -lgfortran -lquadmath -lm  >&5
clang: warning: treating 'c' input as 'c++' when in C++ mode, this behavior is deprecated [-Wdeprecated]
Undefined symbols for architecture x86_64:
  "_main", referenced from:
     implicit entry/start for main executable
ld: symbol(s) not found for architecture x86_64
clang: error: linker command failed with exit code 1 (use -v to see invocation)
configure:6261: $? = 1
configure: failed program was:
| /* confdefs.h.  */
| #define PACKAGE_NAME "arprec"
| #define PACKAGE_TARNAME "arprec"
| #define PACKAGE_VERSION "2.2.1"
| #define PACKAGE_STRING "arprec 2.2.1"
| #define PACKAGE_BUGREPORT "dhbailey@lbl.gov"
| #define MAJOR_VERSION 2
| #define MINOR_VERSION 8
| #define PATCH_VERSION 1
| #define PACKAGE "arprec"
| #define VERSION "2.2.1"
| #define ARPREC_INLINE 1
| #define HAVE_FORTRAN 1
| #define FC_FUNC(name,NAME) name ## _
| #define FC_FUNC_(name,NAME) name ## _
| /* end confdefs.h.  */
| #ifdef FC_DUMMY_MAIN_EQ_F77
| #  undef F77_DUMMY_MAIN
| #  undef FC_DUMMY_MAIN
| #else
| #  undef FC_DUMMY_MAIN
| #endif
| #define main MAIN__
| #ifdef FC_DUMMY_MAIN
| #ifndef FC_DUMMY_MAIN_EQ_F77
| #  ifdef __cplusplus
|      extern "C"
| #  endif
|    int FC_DUMMY_MAIN() { return 1; }
| #endif
| #endif
| int
| main ()
| {
| 
|   ;
|   return 0;
| }
configure:6255: c++ -o conftest -g -O2   conftest.c   -L/usr/local/gfortran/lib/gcc/x86_64-apple-darwin19/10.2.0 -L/usr/local/gfortran/lib/gcc/x86_64-apple-darwin19/10.2.0/../../.. -lgfortran -lquadmath -lm  >&5
clang: warning: treating 'c' input as 'c++' when in C++ mode, this behavior is deprecated [-Wdeprecated]
Undefined symbols for architecture x86_64:
  "_main", referenced from:
     implicit entry/start for main executable
ld: symbol(s) not found for architecture x86_64
clang: error: linker command failed with exit code 1 (use -v to see invocation)
configure:6261: $? = 1
configure: failed program was:
| /* confdefs.h.  */
| #define PACKAGE_NAME "arprec"
| #define PACKAGE_TARNAME "arprec"
| #define PACKAGE_VERSION "2.2.1"
| #define PACKAGE_STRING "arprec 2.2.1"
| #define PACKAGE_BUGREPORT "dhbailey@lbl.gov"
| #define MAJOR_VERSION 2
| #define MINOR_VERSION 8
| #define PATCH_VERSION 1
| #define PACKAGE "arprec"
| #define VERSION "2.2.1"
| #define ARPREC_INLINE 1
| #define HAVE_FORTRAN 1
| #define FC_FUNC(name,NAME) name ## _
| #define FC_FUNC_(name,NAME) name ## _
| /* end confdefs.h.  */
| #ifdef FC_DUMMY_MAIN_EQ_F77
| #  undef F77_DUMMY_MAIN
| #  undef FC_DUMMY_MAIN
| #else
| #  undef FC_DUMMY_MAIN
| #endif
| #define main MAIN_
| #ifdef FC_DUMMY_MAIN
| #ifndef FC_DUMMY_MAIN_EQ_F77
| #  ifdef __cplusplus
|      extern "C"
| #  endif
|    int FC_DUMMY_MAIN() { return 1; }
| #endif
| #endif
| int
| main ()
| {
| 
|   ;
|   return 0;
| }
configure:6255: c++ -o conftest -g -O2   conftest.c   -L/usr/local/gfortran/lib/gcc/x86_64-apple-darwin19/10.2.0 -L/usr/local/gfortran/lib/gcc/x86_64-apple-darwin19/10.2.0/../../.. -lgfortran -lquadmath -lm  >&5
clang: warning: treating 'c' input as 'c++' when in C++ mode, this behavior is deprecated [-Wdeprecated]
Undefined symbols for architecture x86_64:
  "_main", referenced from:
     implicit entry/start for main executable
     (maybe you meant: __main())
ld: symbol(s) not found for architecture x86_64
clang: error: linker command failed with exit code 1 (use -v to see invocation)
configure:6261: $? = 1
configure: failed program was:
| /* confdefs.h.  */
| #define PACKAGE_NAME "arprec"
| #define PACKAGE_TARNAME "arprec"
| #define PACKAGE_VERSION "2.2.1"
| #define PACKAGE_STRING "arprec 2.2.1"
| #define PACKAGE_BUGREPORT "dhbailey@lbl.gov"
| #define MAJOR_VERSION 2
| #define MINOR_VERSION 8
| #define PATCH_VERSION 1
| #define PACKAGE "arprec"
| #define VERSION "2.2.1"
| #define ARPREC_INLINE 1
| #define HAVE_FORTRAN 1
| #define FC_FUNC(name,NAME) name ## _
| #define FC_FUNC_(name,NAME) name ## _
| /* end confdefs.h.  */
| #ifdef FC_DUMMY_MAIN_EQ_F77
| #  undef F77_DUMMY_MAIN
| #  undef FC_DUMMY_MAIN
| #else
| #  undef FC_DUMMY_MAIN
| #endif
| #define main __main
| #ifdef FC_DUMMY_MAIN
| #ifndef FC_DUMMY_MAIN_EQ_F77
| #  ifdef __cplusplus
|      extern "C"
| #  endif
|    int FC_DUMMY_MAIN() { return 1; }
| #endif
| #endif
| int
| main ()
| {
| 
|   ;
|   return 0;
| }
configure:6255: c++ -o conftest -g -O2   conftest.c   -L/usr/local/gfortran/lib/gcc/x86_64-apple-darwin19/10.2.0 -L/usr/local/gfortran/lib/gcc/x86_64-apple-darwin19/10.2.0/../../.. -lgfortran -lquadmath -lm  >&5
clang: warning: treating 'c' input as 'c++' when in C++ mode, this behavior is deprecated [-Wdeprecated]
Undefined symbols for architecture x86_64:
  "_main", referenced from:
     implicit entry/start for main executable
ld: symbol(s) not found for architecture x86_64
clang: error: linker command failed with exit code 1 (use -v to see invocation)
configure:6261: $? = 1
configure: failed program was:
| /* confdefs.h.  */
| #define PACKAGE_NAME "arprec"
| #define PACKAGE_TARNAME "arprec"
| #define PACKAGE_VERSION "2.2.1"
| #define PACKAGE_STRING "arprec 2.2.1"
| #define PACKAGE_BUGREPORT "dhbailey@lbl.gov"
| #define MAJOR_VERSION 2
| #define MINOR_VERSION 8
| #define PATCH_VERSION 1
| #define PACKAGE "arprec"
| #define VERSION "2.2.1"
| #define ARPREC_INLINE 1
| #define HAVE_FORTRAN 1
| #define FC_FUNC(name,NAME) name ## _
| #define FC_FUNC_(name,NAME) name ## _
| /* end confdefs.h.  */
| #ifdef FC_DUMMY_MAIN_EQ_F77
| #  undef F77_DUMMY_MAIN
| #  undef FC_DUMMY_MAIN
| #else
| #  undef FC_DUMMY_MAIN
| #endif
| #define main MAIN
| #ifdef FC_DUMMY_MAIN
| #ifndef FC_DUMMY_MAIN_EQ_F77
| #  ifdef __cplusplus
|      extern "C"
| #  endif
|    int FC_DUMMY_MAIN() { return 1; }
| #endif
| #endif
| int
| main ()
| {
| 
|   ;
|   return 0;
| }
configure:6255: c++ -o conftest -g -O2   conftest.c   -L/usr/local/gfortran/lib/gcc/x86_64-apple-darwin19/10.2.0 -L/usr/local/gfortran/lib/gcc/x86_64-apple-darwin19/10.2.0/../../.. -lgfortran -lquadmath -lm  >&5
clang: warning: treating 'c' input as 'c++' when in C++ mode, this behavior is deprecated [-Wdeprecated]
Undefined symbols for architecture x86_64:
  "_main", referenced from:
     implicit entry/start for main executable
ld: symbol(s) not found for architecture x86_64
clang: error: linker command failed with exit code 1 (use -v to see invocation)
configure:6261: $? = 1
configure: failed program was:
| /* confdefs.h.  */
| #define PACKAGE_NAME "arprec"
| #define PACKAGE_TARNAME "arprec"
| #define PACKAGE_VERSION "2.2.1"
| #define PACKAGE_STRING "arprec 2.2.1"
| #define PACKAGE_BUGREPORT "dhbailey@lbl.gov"
| #define MAJOR_VERSION 2
| #define MINOR_VERSION 8
| #define PATCH_VERSION 1
| #define PACKAGE "arprec"
| #define VERSION "2.2.1"
| #define ARPREC_INLINE 1
| #define HAVE_FORTRAN 1
| #define FC_FUNC(name,NAME) name ## _
| #define FC_FUNC_(name,NAME) name ## _
| /* end confdefs.h.  */
| #ifdef FC_DUMMY_MAIN_EQ_F77
| #  undef F77_DUMMY_MAIN
| #  undef FC_DUMMY_MAIN
| #else
| #  undef FC_DUMMY_MAIN
| #endif
| #define main _MAIN
| #ifdef FC_DUMMY_MAIN
| #ifndef FC_DUMMY_MAIN_EQ_F77
| #  ifdef __cplusplus
|      extern "C"
| #  endif
|    int FC_DUMMY_MAIN() { return 1; }
| #endif
| #endif
| int
| main ()
| {
| 
|   ;
|   return 0;
| }
configure:6255: c++ -o conftest -g -O2   conftest.c   -L/usr/local/gfortran/lib/gcc/x86_64-apple-darwin19/10.2.0 -L/usr/local/gfortran/lib/gcc/x86_64-apple-darwin19/10.2.0/../../.. -lgfortran -lquadmath -lm  >&5
clang: warning: treating 'c' input as 'c++' when in C++ mode, this behavior is deprecated [-Wdeprecated]
Undefined symbols for architecture x86_64:
  "_main", referenced from:
     implicit entry/start for main executable
ld: symbol(s) not found for architecture x86_64
clang: error: linker command failed with exit code 1 (use -v to see invocation)
configure:6261: $? = 1
configure: failed program was:
| /* confdefs.h.  */
| #define PACKAGE_NAME "arprec"
| #define PACKAGE_TARNAME "arprec"
| #define PACKAGE_VERSION "2.2.1"
| #define PACKAGE_STRING "arprec 2.2.1"
| #define PACKAGE_BUGREPORT "dhbailey@lbl.gov"
| #define MAJOR_VERSION 2
| #define MINOR_VERSION 8
| #define PATCH_VERSION 1
| #define PACKAGE "arprec"
| #define VERSION "2.2.1"
| #define ARPREC_INLINE 1
| #define HAVE_FORTRAN 1
| #define FC_FUNC(name,NAME) name ## _
| #define FC_FUNC_(name,NAME) name ## _
| /* end confdefs.h.  */
| #ifdef FC_DUMMY_MAIN_EQ_F77
| #  undef F77_DUMMY_MAIN
| #  undef FC_DUMMY_MAIN
| #else
| #  undef FC_DUMMY_MAIN
| #endif
| #define main __MAIN
| #ifdef FC_DUMMY_MAIN
| #ifndef FC_DUMMY_MAIN_EQ_F77
| #  ifdef __cplusplus
|      extern "C"
| #  endif
|    int FC_DUMMY_MAIN() { return 1; }
| #endif
| #endif
| int
| main ()
| {
| 
|   ;
|   return 0;
| }
configure:6255: c++ -o conftest -g -O2   conftest.c   -L/usr/local/gfortran/lib/gcc/x86_64-apple-darwin19/10.2.0 -L/usr/local/gfortran/lib/gcc/x86_64-apple-darwin19/10.2.0/../../.. -lgfortran -lquadmath -lm  >&5
clang: warning: treating 'c' input as 'c++' when in C++ mode, this behavior is deprecated [-Wdeprecated]
Undefined symbols for architecture x86_64:
  "_main", referenced from:
     implicit entry/start for main executable
ld: symbol(s) not found for architecture x86_64
clang: error: linker command failed with exit code 1 (use -v to see invocation)
configure:6261: $? = 1
configure: failed program was:
| /* confdefs.h.  */
| #define PACKAGE_NAME "arprec"
| #define PACKAGE_TARNAME "arprec"
| #define PACKAGE_VERSION "2.2.1"
| #define PACKAGE_STRING "arprec 2.2.1"
| #define PACKAGE_BUGREPORT "dhbailey@lbl.gov"
| #define MAJOR_VERSION 2
| #define MINOR_VERSION 8
| #define PATCH_VERSION 1
| #define PACKAGE "arprec"
| #define VERSION "2.2.1"
| #define ARPREC_INLINE 1
| #define HAVE_FORTRAN 1
| #define FC_FUNC(name,NAME) name ## _
| #define FC_FUNC_(name,NAME) name ## _
| /* end confdefs.h.  */
| #ifdef FC_DUMMY_MAIN_EQ_F77
| #  undef F77_DUMMY_MAIN
| #  undef FC_DUMMY_MAIN
| #else
| #  undef FC_DUMMY_MAIN
| #endif
| #define main main_
| #ifdef FC_DUMMY_MAIN
| #ifndef FC_DUMMY_MAIN_EQ_F77
| #  ifdef __cplusplus
|      extern "C"
| #  endif
|    int FC_DUMMY_MAIN() { return 1; }
| #endif
| #endif
| int
| main ()
| {
| 
|   ;
|   return 0;
| }
configure:6255: c++ -o conftest -g -O2   conftest.c   -L/usr/local/gfortran/lib/gcc/x86_64-apple-darwin19/10.2.0 -L/usr/local/gfortran/lib/gcc/x86_64-apple-darwin19/10.2.0/../../.. -lgfortran -lquadmath -lm  >&5
clang: warning: treating 'c' input as 'c++' when in C++ mode, this behavior is deprecated [-Wdeprecated]
Undefined symbols for architecture x86_64:
  "_main", referenced from:
     implicit entry/start for main executable
ld: symbol(s) not found for architecture x86_64
clang: error: linker command failed with exit code 1 (use -v to see invocation)
configure:6261: $? = 1
configure: failed program was:
| /* confdefs.h.  */
| #define PACKAGE_NAME "arprec"
| #define PACKAGE_TARNAME "arprec"
| #define PACKAGE_VERSION "2.2.1"
| #define PACKAGE_STRING "arprec 2.2.1"
| #define PACKAGE_BUGREPORT "dhbailey@lbl.gov"
| #define MAJOR_VERSION 2
| #define MINOR_VERSION 8
| #define PATCH_VERSION 1
| #define PACKAGE "arprec"
| #define VERSION "2.2.1"
| #define ARPREC_INLINE 1
| #define HAVE_FORTRAN 1
| #define FC_FUNC(name,NAME) name ## _
| #define FC_FUNC_(name,NAME) name ## _
| /* end confdefs.h.  */
| #ifdef FC_DUMMY_MAIN_EQ_F77
| #  undef F77_DUMMY_MAIN
| #  undef FC_DUMMY_MAIN
| #else
| #  undef FC_DUMMY_MAIN
| #endif
| #define main main__
| #ifdef FC_DUMMY_MAIN
| #ifndef FC_DUMMY_MAIN_EQ_F77
| #  ifdef __cplusplus
|      extern "C"
| #  endif
|    int FC_DUMMY_MAIN() { return 1; }
| #endif
| #endif
| int
| main ()
| {
| 
|   ;
|   return 0;
| }
configure:6255: c++ -o conftest -g -O2   conftest.c   -L/usr/local/gfortran/lib/gcc/x86_64-apple-darwin19/10.2.0 -L/usr/local/gfortran/lib/gcc/x86_64-apple-darwin19/10.2.0/../../.. -lgfortran -lquadmath -lm  >&5
clang: warning: treating 'c' input as 'c++' when in C++ mode, this behavior is deprecated [-Wdeprecated]
Undefined symbols for architecture x86_64:
  "_main", referenced from:
     implicit entry/start for main executable
     (maybe you meant: _main())
ld: symbol(s) not found for architecture x86_64
clang: error: linker command failed with exit code 1 (use -v to see invocation)
configure:6261: $? = 1
configure: failed program was:
| /* confdefs.h.  */
| #define PACKAGE_NAME "arprec"
| #define PACKAGE_TARNAME "arprec"
| #define PACKAGE_VERSION "2.2.1"
| #define PACKAGE_STRING "arprec 2.2.1"
| #define PACKAGE_BUGREPORT "dhbailey@lbl.gov"
| #define MAJOR_VERSION 2
| #define MINOR_VERSION 8
| #define PATCH_VERSION 1
| #define PACKAGE "arprec"
| #define VERSION "2.2.1"
| #define ARPREC_INLINE 1
| #define HAVE_FORTRAN 1
| #define FC_FUNC(name,NAME) name ## _
| #define FC_FUNC_(name,NAME) name ## _
| /* end confdefs.h.  */
| #ifdef FC_DUMMY_MAIN_EQ_F77
| #  undef F77_DUMMY_MAIN
| #  undef FC_DUMMY_MAIN
| #else
| #  undef FC_DUMMY_MAIN
| #endif
| #define main _main
| #ifdef FC_DUMMY_MAIN
| #ifndef FC_DUMMY_MAIN_EQ_F77
| #  ifdef __cplusplus
|      extern "C"
| #  endif
|    int FC_DUMMY_MAIN() { return 1; }
| #endif
| #endif
| int
| main ()
| {
| 
|   ;
|   return 0;
| }
configure:6287: result: main
configure:6323: checking fortran 90 modules inclusion flag
configure:6354: gfortran -c -O2 -ffree-form  conftest.f >&5
configure:6360: $? = 0
configure:6393: gfortran -c -O2 -ffree-form -I tmpdir_0  conftest.f >&5
configure:6399: $? = 0
configure:6429: result: -I 
configure:6432: checking flags needed for unescaped backslash in strings
configure:6457: gfortran -c -O2 -ffree-form  conftest.f >&5
configure:6463: $? = 0
configure:6493: result: none
configure:6501: checking fortran 90 modules naming style
configure:6532: gfortran -c -O2 -ffree-form  conftest.f >&5
configure:6538: $? = 0
configure:6572: result: lowercase, mod
configure:6579: checking for etime
configure:6602: gfortran -o conftest -O2 -ffree-form   conftest.f  >&5
configure:6608: $? = 0
configure:6634: result: etime
configure:6722: checking for ranlib
configure:6738: found /usr/bin/ranlib
configure:6749: result: ranlib
configure:6784: checking how to run the C++ preprocessor
configure:6820: c++ -E  conftest.cpp
configure:6826: $? = 0
configure:6857: c++ -E  conftest.cpp
conftest.cpp:18:10: fatal error: 'ac_nonexistent.h' file not found
#include <ac_nonexistent.h>
         ^~~~~~~~~~~~~~~~~~
1 error generated.
configure:6863: $? = 1
configure: failed program was:
| /* confdefs.h.  */
| #define PACKAGE_NAME "arprec"
| #define PACKAGE_TARNAME "arprec"
| #define PACKAGE_VERSION "2.2.1"
| #define PACKAGE_STRING "arprec 2.2.1"
| #define PACKAGE_BUGREPORT "dhbailey@lbl.gov"
| #define MAJOR_VERSION 2
| #define MINOR_VERSION 8
| #define PATCH_VERSION 1
| #define PACKAGE "arprec"
| #define VERSION "2.2.1"
| #define ARPREC_INLINE 1
| #define HAVE_FORTRAN 1
| #define FC_FUNC(name,NAME) name ## _
| #define FC_FUNC_(name,NAME) name ## _
| #define FC_MAIN main
| /* end confdefs.h.  */
| #include <ac_nonexistent.h>
configure:6896: result: c++ -E
configure:6925: c++ -E  conftest.cpp
configure:6931: $? = 0
configure:6962: c++ -E  conftest.cpp
conftest.cpp:18:10: fatal error: 'ac_nonexistent.h' file not found
#include <ac_nonexistent.h>
         ^~~~~~~~~~~~~~~~~~
1 error generated.
configure:6968: $? = 1
configure: failed program was:
| /* confdefs.h.  */
| #define PACKAGE_NAME "arprec"
| #define PACKAGE_TARNAME "arprec"
| #define PACKAGE_VERSION "2.2.1"
| #define PACKAGE_STRING "arprec 2.2.1"
| #define PACKAGE_BUGREPORT "dhbailey@lbl.gov"
| #define MAJOR_VERSION 2
| #define MINOR_VERSION 8
| #define PATCH_VERSION 1
| #define PACKAGE "arprec"
| #define VERSION "2.2.1"
| #define ARPREC_INLINE 1
| #define HAVE_FORTRAN 1
| #define FC_FUNC(name,NAME) name ## _
| #define FC_FUNC_(name,NAME) name ## _
| #define FC_MAIN main
| /* end confdefs.h.  */
| #include <ac_nonexistent.h>
configure:7006: checking for grep that handles long lines and -e
configure:7080: result: /usr/bin/grep
configure:7085: checking for egrep
configure:7163: result: /usr/bin/grep -E
configure:7168: checking for ANSI C header files
configure:7206: c++ -c -O2 -Wall  conftest.cpp >&5
configure:7212: $? = 0
configure:7311: c++ -o conftest -O2 -Wall   conftest.cpp  >&5
configure:7314: $? = 0
configure:7320: ./conftest
configure:7323: $? = 0
configure:7340: result: yes
configure:7364: checking for sys/types.h
configure:7385: c++ -c -O2 -Wall  conftest.cpp >&5
configure:7391: $? = 0
configure:7407: result: yes
configure:7364: checking for sys/stat.h
configure:7385: c++ -c -O2 -Wall  conftest.cpp >&5
configure:7391: $? = 0
configure:7407: result: yes
configure:7364: checking for stdlib.h
configure:7385: c++ -c -O2 -Wall  conftest.cpp >&5
configure:7391: $? = 0
configure:7407: result: yes
configure:7364: checking for string.h
configure:7385: c++ -c -O2 -Wall  conftest.cpp >&5
configure:7391: $? = 0
configure:7407: result: yes
configure:7364: checking for memory.h
configure:7385: c++ -c -O2 -Wall  conftest.cpp >&5
configure:7391: $? = 0
configure:7407: result: yes
configure:7364: checking for strings.h
configure:7385: c++ -c -O2 -Wall  conftest.cpp >&5
configure:7391: $? = 0
configure:7407: result: yes
configure:7364: checking for inttypes.h
configure:7385: c++ -c -O2 -Wall  conftest.cpp >&5
configure:7391: $? = 0
configure:7407: result: yes
configure:7364: checking for stdint.h
configure:7385: c++ -c -O2 -Wall  conftest.cpp >&5
configure:7391: $? = 0
configure:7407: result: yes
configure:7364: checking for unistd.h
configure:7385: c++ -c -O2 -Wall  conftest.cpp >&5
configure:7391: $? = 0
configure:7407: result: yes
configure:7435: checking fp.h usability
configure:7452: c++ -c -O2 -Wall  conftest.cpp >&5
conftest.cpp:61:10: fatal error: 'fp.h' file not found
#include <fp.h>
         ^~~~~~
1 error generated.
configure:7458: $? = 1
configure: failed program was:
| /* confdefs.h.  */
| #define PACKAGE_NAME "arprec"
| #define PACKAGE_TARNAME "arprec"
| #define PACKAGE_VERSION "2.2.1"
| #define PACKAGE_STRING "arprec 2.2.1"
| #define PACKAGE_BUGREPORT "dhbailey@lbl.gov"
| #define MAJOR_VERSION 2
| #define MINOR_VERSION 8
| #define PATCH_VERSION 1
| #define PACKAGE "arprec"
| #define VERSION "2.2.1"
| #define ARPREC_INLINE 1
| #define HAVE_FORTRAN 1
| #define FC_FUNC(name,NAME) name ## _
| #define FC_FUNC_(name,NAME) name ## _
| #define FC_MAIN main
| #define STDC_HEADERS 1
| #define HAVE_SYS_TYPES_H 1
| #define HAVE_SYS_STAT_H 1
| #define HAVE_STDLIB_H 1
| #define HAVE_STRING_H 1
| #define HAVE_MEMORY_H 1
| #define HAVE_STRINGS_H 1
| #define HAVE_INTTYPES_H 1
| #define HAVE_STDINT_H 1
| #define HAVE_UNISTD_H 1
| /* end confdefs.h.  */
| #include <stdio.h>
| #ifdef HAVE_SYS_TYPES_H
| # include <sys/types.h>
| #endif
| #ifdef HAVE_SYS_STAT_H
| # include <sys/stat.h>
| #endif
| #ifdef STDC_HEADERS
| # include <stdlib.h>
| # include <stddef.h>
| #else
| # ifdef HAVE_STDLIB_H
| #  include <stdlib.h>
| # endif
| #endif
| #ifdef HAVE_STRING_H
| # if !defined STDC_HEADERS && defined HAVE_MEMORY_H
| #  include <memory.h>
| # endif
| # include <string.h>
| #endif
| #ifdef HAVE_STRINGS_H
| # include <strings.h>
| #endif
| #ifdef HAVE_INTTYPES_H
| # include <inttypes.h>
| #endif
| #ifdef HAVE_STDINT_H
| # include <stdint.h>
| #endif
| #ifdef HAVE_UNISTD_H
| # include <unistd.h>
| #endif
| #include <fp.h>
configure:7472: result: no
configure:7476: checking fp.h presence
configure:7491: c++ -E  conftest.cpp
conftest.cpp:28:10: fatal error: 'fp.h' file not found
#include <fp.h>
         ^~~~~~
1 error generated.
configure:7497: $? = 1
configure: failed program was:
| /* confdefs.h.  */
| #define PACKAGE_NAME "arprec"
| #define PACKAGE_TARNAME "arprec"
| #define PACKAGE_VERSION "2.2.1"
| #define PACKAGE_STRING "arprec 2.2.1"
| #define PACKAGE_BUGREPORT "dhbailey@lbl.gov"
| #define MAJOR_VERSION 2
| #define MINOR_VERSION 8
| #define PATCH_VERSION 1
| #define PACKAGE "arprec"
| #define VERSION "2.2.1"
| #define ARPREC_INLINE 1
| #define HAVE_FORTRAN 1
| #define FC_FUNC(name,NAME) name ## _
| #define FC_FUNC_(name,NAME) name ## _
| #define FC_MAIN main
| #define STDC_HEADERS 1
| #define HAVE_SYS_TYPES_H 1
| #define HAVE_SYS_STAT_H 1
| #define HAVE_STDLIB_H 1
| #define HAVE_STRING_H 1
| #define HAVE_MEMORY_H 1
| #define HAVE_STRINGS_H 1
| #define HAVE_INTTYPES_H 1
| #define HAVE_STDINT_H 1
| #define HAVE_UNISTD_H 1
| /* end confdefs.h.  */
| #include <fp.h>
configure:7511: result: no
configure:7544: checking for fp.h
configure:7552: result: no
configure:7435: checking sys/time.h usability
configure:7452: c++ -c -O2 -Wall  conftest.cpp >&5
configure:7458: $? = 0
configure:7472: result: yes
configure:7476: checking sys/time.h presence
configure:7491: c++ -E  conftest.cpp
configure:7497: $? = 0
configure:7511: result: yes
configure:7544: checking for sys/time.h
configure:7552: result: yes
configure:7706: checking whether the compiler supports basic templates
configure:7749: c++ -c -O2 -Wall  conftest.cpp >&5
configure:7755: $? = 0
configure:7777: result: yes
configure:7791: checking whether x86 FPU control code is needed
configure:7804: result: yes
configure:7824: checking fpu_control.h usability
configure:7841: c++ -c -O2 -Wall  conftest.cpp >&5
conftest.cpp:64:10: fatal error: 'fpu_control.h' file not found
#include <fpu_control.h>
         ^~~~~~~~~~~~~~~
1 error generated.
configure:7847: $? = 1
configure: failed program was:
| /* confdefs.h.  */
| #define PACKAGE_NAME "arprec"
| #define PACKAGE_TARNAME "arprec"
| #define PACKAGE_VERSION "2.2.1"
| #define PACKAGE_STRING "arprec 2.2.1"
| #define PACKAGE_BUGREPORT "dhbailey@lbl.gov"
| #define MAJOR_VERSION 2
| #define MINOR_VERSION 8
| #define PATCH_VERSION 1
| #define PACKAGE "arprec"
| #define VERSION "2.2.1"
| #define ARPREC_INLINE 1
| #define HAVE_FORTRAN 1
| #define FC_FUNC(name,NAME) name ## _
| #define FC_FUNC_(name,NAME) name ## _
| #define FC_MAIN main
| #define STDC_HEADERS 1
| #define HAVE_SYS_TYPES_H 1
| #define HAVE_SYS_STAT_H 1
| #define HAVE_STDLIB_H 1
| #define HAVE_STRING_H 1
| #define HAVE_MEMORY_H 1
| #define HAVE_STRINGS_H 1
| #define HAVE_INTTYPES_H 1
| #define HAVE_STDINT_H 1
| #define HAVE_UNISTD_H 1
| #define HAVE_SYS_TIME_H 1
| #define HAVE_TEMPLATES
| #define X86 1
| /* end confdefs.h.  */
| #include <stdio.h>
| #ifdef HAVE_SYS_TYPES_H
| # include <sys/types.h>
| #endif
| #ifdef HAVE_SYS_STAT_H
| # include <sys/stat.h>
| #endif
| #ifdef STDC_HEADERS
| # include <stdlib.h>
| # include <stddef.h>
| #else
| # ifdef HAVE_STDLIB_H
| #  include <stdlib.h>
| # endif
| #endif
| #ifdef HAVE_STRING_H
| # if !defined STDC_HEADERS && defined HAVE_MEMORY_H
| #  include <memory.h>
| # endif
| # include <string.h>
| #endif
| #ifdef HAVE_STRINGS_H
| # include <strings.h>
| #endif
| #ifdef HAVE_INTTYPES_H
| # include <inttypes.h>
| #endif
| #ifdef HAVE_STDINT_H
| # include <stdint.h>
| #endif
| #ifdef HAVE_UNISTD_H
| # include <unistd.h>
| #endif
| #include <fpu_control.h>
configure:7861: result: no
configure:7865: checking fpu_control.h presence
configure:7880: c++ -E  conftest.cpp
conftest.cpp:31:10: fatal error: 'fpu_control.h' file not found
#include <fpu_control.h>
         ^~~~~~~~~~~~~~~
1 error generated.
configure:7886: $? = 1
configure: failed program was:
| /* confdefs.h.  */
| #define PACKAGE_NAME "arprec"
| #define PACKAGE_TARNAME "arprec"
| #define PACKAGE_VERSION "2.2.1"
| #define PACKAGE_STRING "arprec 2.2.1"
| #define PACKAGE_BUGREPORT "dhbailey@lbl.gov"
| #define MAJOR_VERSION 2
| #define MINOR_VERSION 8
| #define PATCH_VERSION 1
| #define PACKAGE "arprec"
| #define VERSION "2.2.1"
| #define ARPREC_INLINE 1
| #define HAVE_FORTRAN 1
| #define FC_FUNC(name,NAME) name ## _
| #define FC_FUNC_(name,NAME) name ## _
| #define FC_MAIN main
| #define STDC_HEADERS 1
| #define HAVE_SYS_TYPES_H 1
| #define HAVE_SYS_STAT_H 1
| #define HAVE_STDLIB_H 1
| #define HAVE_STRING_H 1
| #define HAVE_MEMORY_H 1
| #define HAVE_STRINGS_H 1
| #define HAVE_INTTYPES_H 1
| #define HAVE_STDINT_H 1
| #define HAVE_UNISTD_H 1
| #define HAVE_SYS_TIME_H 1
| #define HAVE_TEMPLATES
| #define X86 1
| /* end confdefs.h.  */
| #include <fpu_control.h>
configure:7900: result: no
configure:7933: checking for fpu_control.h
configure:7941: result: no
configure:7963: checking for drand48
configure:8027: c++ -o conftest -O2 -Wall   conftest.cpp  >&5
configure:8033: $? = 0
configure:8051: result: yes
configure:7963: checking for copysign
configure:8027: c++ -o conftest -O2 -Wall   conftest.cpp  >&5
configure:8033: $? = 0
configure:8051: result: yes
configure:8218: creating ./config.status

## ---------------- ##
## Cache variables. ##
## ---------------- ##

ac_cv_build=i386-apple-darwin20.3.0
ac_cv_c_compiler_gnu=yes
ac_cv_cxx_compiler_gnu=yes
ac_cv_cxx_templates=yes
ac_cv_env_CCC_set=
ac_cv_env_CCC_value=
ac_cv_env_CC_set=
ac_cv_env_CC_value=
ac_cv_env_CFLAGS_set=
ac_cv_env_CFLAGS_value=
ac_cv_env_CPPFLAGS_set=
ac_cv_env_CPPFLAGS_value=
ac_cv_env_CXXCPP_set=
ac_cv_env_CXXCPP_value=
ac_cv_env_CXXFLAGS_set=
ac_cv_env_CXXFLAGS_value=
ac_cv_env_CXX_set=
ac_cv_env_CXX_value=
ac_cv_env_FCFLAGS_set=
ac_cv_env_FCFLAGS_value=
ac_cv_env_FC_set=
ac_cv_env_FC_value=
ac_cv_env_LDFLAGS_set=
ac_cv_env_LDFLAGS_value=
ac_cv_env_LIBS_set=
ac_cv_env_LIBS_value=
ac_cv_env_build_alias_set=
ac_cv_env_build_alias_value=
ac_cv_env_host_alias_set=
ac_cv_env_host_alias_value=
ac_cv_env_target_alias_set=
ac_cv_env_target_alias_value=
ac_cv_fc_compiler_gnu=yes
ac_cv_fc_dummy_main=none
ac_cv_fc_freeform=-ffree-form
ac_cv_fc_libs=' -L/usr/local/gfortran/lib/gcc/x86_64-apple-darwin19/10.2.0 -L/usr/local/gfortran/lib/gcc/x86_64-apple-darwin19/10.2.0/../../.. -lgfortran -lquadmath -lm'
ac_cv_fc_main=main
ac_cv_fc_mangling='lower case, underscore, no extra underscore'
ac_cv_fortran_dummy_main=none
ac_cv_fortran_main=main
ac_cv_func_copysign=yes
ac_cv_func_drand48=yes
ac_cv_header_fp_h=no
ac_cv_header_fpu_control_h=no
ac_cv_header_inttypes_h=yes
ac_cv_header_memory_h=yes
ac_cv_header_stdc=yes
ac_cv_header_stdint_h=yes
ac_cv_header_stdlib_h=yes
ac_cv_header_string_h=yes
ac_cv_header_strings_h=yes
ac_cv_header_sys_stat_h=yes
ac_cv_header_sys_time_h=yes
ac_cv_header_sys_types_h=yes
ac_cv_header_unistd_h=yes
ac_cv_host=i386-apple-darwin20.3.0
ac_cv_objext=o
ac_cv_path_EGREP='/usr/bin/grep -E'
ac_cv_path_GREP=/usr/bin/grep
ac_cv_path_install='/usr/bin/install -c'
ac_cv_prog_AWK=awk
ac_cv_prog_CXXCPP='c++ -E'
ac_cv_prog_ac_ct_CC=c++
ac_cv_prog_ac_ct_CXX=c++
ac_cv_prog_ac_ct_FC=gfortran
ac_cv_prog_ac_ct_RANLIB=ranlib
ac_cv_prog_cc_c89=no
ac_cv_prog_cc_g=yes
ac_cv_prog_cxx_g=yes
ac_cv_prog_fc_g=yes
ac_cv_prog_fc_v=-v
ac_cv_prog_make_make_set=yes
am_cv_CC_dependencies_compiler_type=gcc3
am_cv_CXX_dependencies_compiler_type=gcc3

## ----------------- ##
## Output variables. ##
## ----------------- ##

ACLOCAL='${SHELL} /Users/dhbailey/Documents/arprec-2.2.20/config/missing --run aclocal-1.10'
AMDEPBACKSLASH='\'
AMDEP_FALSE='#'
AMDEP_TRUE=''
AMTAR='${SHELL} /Users/dhbailey/Documents/arprec-2.2.20/config/missing --run tar'
AUTOCONF='${SHELL} /Users/dhbailey/Documents/arprec-2.2.20/config/missing --run autoconf'
AUTOHEADER='${SHELL} /Users/dhbailey/Documents/arprec-2.2.20/config/missing --run autoheader'
AUTOMAKE='${SHELL} /Users/dhbailey/Documents/arprec-2.2.20/config/missing --run automake-1.10'
AWK='awk'
CC='c++'
CCDEPMODE='depmode=gcc3'
CFLAGS='-g -O2'
CONFIGURE_ARGS=''
CONFIG_CXXFLAGS=''
CONFIG_FCFLAGS=''
CPPFLAGS=''
CXX='c++'
CXXCPP='c++ -E'
CXXDEPMODE='depmode=gcc3'
CXXFLAGS='-O2 -Wall'
CYGPATH_W='echo'
DEFS='-DHAVE_CONFIG_H'
DEPDIR='.deps'
ECHO_C='ECHO_N=''
ECHO_T=''
EGREP='/usr/bin/grep -E'
ETIME='etime'
EXEEXT=''
F77='gfortran'
FC='gfortran'
FCFLAGS='-O2 -ffree-form'
FCLIBS=' -L/usr/local/gfortran/lib/gcc/x86_64-apple-darwin19/10.2.0 -L/usr/local/gfortran/lib/gcc/x86_64-apple-darwin19/10.2.0/../../.. -lgfortran -lquadmath -lm '
FFLAGS='-O2 -ffree-form'
GREP='/usr/bin/grep'
HAVE_FORTRAN_FALSE='#'
HAVE_FORTRAN_TRUE=''
INSTALL_DATA='${INSTALL} -m 644'
INSTALL_PROGRAM='${INSTALL}'
INSTALL_SCRIPT='${INSTALL}'
INSTALL_STRIP_PROGRAM='$(install_sh) -c -s'
LDFLAGS=''
LIBOBJS=''
LIBS=''
LTLIBOBJS=''
MAKEINFO='${SHELL} /Users/dhbailey/Documents/arprec-2.2.20/config/missing --run makeinfo'
OBJEXT='o'
PACKAGE='arprec'
PACKAGE_BUGREPORT='dhbailey@lbl.gov'
PACKAGE_NAME='arprec'
PACKAGE_STRING='arprec 2.2.1'
PACKAGE_TARNAME='arprec'
PACKAGE_VERSION='2.2.1'
PATH_SEPARATOR=':'
QD_CONFIG=''
RANLIB='ranlib'
SET_MAKE=''
SHELL='/bin/sh'
STRIP=''
UPCASE_MODULE_FALSE=''
UPCASE_MODULE_TRUE='#'
VERSION='2.2.1'
ac_ct_CC='c++'
ac_ct_CXX='c++'
ac_ct_FC='gfortran'
am__fastdepCC_FALSE='#'
am__fastdepCC_TRUE=''
am__fastdepCXX_FALSE='#'
am__fastdepCXX_TRUE=''
am__include='include'
am__isrc=''
am__leading_dot='.'
am__quote=''
am__tar='${AMTAR} chof - "$$tardir"'
am__untar='${AMTAR} xf -'
ax_f90_modflag='-I '
bindir='${exec_prefix}/bin'
build='i386-apple-darwin20.3.0'
build_alias=''
build_cpu='i386'
build_os='darwin20.3.0'
build_vendor='apple'
datadir='${datarootdir}'
datarootdir='${prefix}/share'
docdir='${datarootdir}/doc/${PACKAGE_TARNAME}'
dvidir='${docdir}'
exec_prefix='${prefix}'
host='i386-apple-darwin20.3.0'
host_alias=''
host_cpu='i386'
host_os='darwin20.3.0'
host_vendor='apple'
htmldir='${docdir}'
includedir='${prefix}/include'
infodir='${datarootdir}/info'
install_sh='$(SHELL) /Users/dhbailey/Documents/arprec-2.2.20/config/install-sh'
libdir='${exec_prefix}/lib'
libexecdir='${exec_prefix}/libexec'
localedir='${datarootdir}/locale'
localstatedir='${prefix}/var'
mandir='${datarootdir}/man'
mkdir_p='$(top_builddir)/config/install-sh -c -d'
module_ext='mod'
oldincludedir='/usr/include'
pdfdir='${docdir}'
prefix='/usr/local'
program_transform_name='s,x,x,'
psdir='${docdir}'
sbindir='${exec_prefix}/sbin'
sharedstatedir='${prefix}/com'
sysconfdir='${prefix}/etc'
target_alias=''

## ----------- ##
## confdefs.h. ##
## ----------- ##

#define PACKAGE_NAME "arprec"
#define PACKAGE_TARNAME "arprec"
#define PACKAGE_VERSION "2.2.1"
#define PACKAGE_STRING "arprec 2.2.1"
#define PACKAGE_BUGREPORT "dhbailey@lbl.gov"
#define MAJOR_VERSION 2
#define MINOR_VERSION 8
#define PATCH_VERSION 1
#define PACKAGE "arprec"
#define VERSION "2.2.1"
#define ARPREC_INLINE 1
#define HAVE_FORTRAN 1
#define FC_FUNC(name,NAME) name ## _
#define FC_FUNC_(name,NAME) name ## _
#define FC_MAIN main
#define STDC_HEADERS 1
#define HAVE_SYS_TYPES_H 1
#define HAVE_SYS_STAT_H 1
#define HAVE_STDLIB_H 1
#define HAVE_STRING_H 1
#define HAVE_MEMORY_H 1
#define HAVE_STRINGS_H 1
#define HAVE_INTTYPES_H 1
#define HAVE_STDINT_H 1
#define HAVE_UNISTD_H 1
#define HAVE_SYS_TIME_H 1
#define HAVE_TEMPLATES
#define X86 1
#define HAVE_DRAND48 1
#define HAVE_COPYSIGN 1
#define ARPREC_API

configure: exit 0

## ---------------------- ##
## Running config.status. ##
## ---------------------- ##

This file was extended by arprec config.status 2.2.1, which was
generated by GNU Autoconf 2.61.  Invocation command line was

  CONFIG_FILES    = 
  CONFIG_HEADERS  = 
  CONFIG_LINKS    = 
  CONFIG_COMMANDS = 
  $ ./config.status 

on MacBook-Pro.local

config.status:679: creating Makefile
config.status:679: creating src/Makefile
config.status:679: creating tests/Makefile
config.status:679: creating include/Makefile
config.status:679: creating fortran/Makefile
config.status:679: creating toolkit/Makefile
config.status:679: creating arprec-config
config.status:679: creating fortran/second.f
config.status:679: creating toolkit/second.f
config.status:679: creating config.h
config.status:919: config.h is unchanged
config.status:679: creating include/arprec/arprec_config.h
config.status:919: include/arprec/arprec_config.h is unchanged
config.status:965: executing depfiles commands
